<?xml version="1.0" encoding="UTF-8"?>
<testsuite xmlns:xsi="http://www.w3.org/2001/XMLSchema-instance" xsi:noNamespaceSchemaLocation="https://maven.apache.org/surefire/maven-surefire-plugin/xsd/surefire-test-report.xsd" name="bd.edu.seu.newconnectiondb.repository.StudentRepositoryTest" time="10.955" tests="4" errors="0" skipped="0" failures="0">
  <properties>
    <property name="sun.desktop" value="gnome"/>
    <property name="awt.toolkit" value="sun.awt.X11.XToolkit"/>
    <property name="file.encoding.pkg" value="sun.io"/>
    <property name="java.specification.version" value="1.8"/>
    <property name="sun.cpu.isalist" value=""/>
    <property name="sun.jnu.encoding" value="UTF-8"/>
    <property name="java.class.path" value="/home/rakib/IdeaProjects/new-connection-db/target/test-classes:/home/rakib/IdeaProjects/new-connection-db/target/classes:/home/rakib/.m2/repository/org/springframework/boot/spring-boot-starter-data-jpa/2.1.6.RELEASE/spring-boot-starter-data-jpa-2.1.6.RELEASE.jar:/home/rakib/.m2/repository/org/springframework/boot/spring-boot-starter-aop/2.1.6.RELEASE/spring-boot-starter-aop-2.1.6.RELEASE.jar:/home/rakib/.m2/repository/org/springframework/spring-aop/5.1.8.RELEASE/spring-aop-5.1.8.RELEASE.jar:/home/rakib/.m2/repository/org/aspectj/aspectjweaver/1.9.4/aspectjweaver-1.9.4.jar:/home/rakib/.m2/repository/org/springframework/boot/spring-boot-starter-jdbc/2.1.6.RELEASE/spring-boot-starter-jdbc-2.1.6.RELEASE.jar:/home/rakib/.m2/repository/com/zaxxer/HikariCP/3.2.0/HikariCP-3.2.0.jar:/home/rakib/.m2/repository/org/springframework/spring-jdbc/5.1.8.RELEASE/spring-jdbc-5.1.8.RELEASE.jar:/home/rakib/.m2/repository/javax/transaction/javax.transaction-api/1.3/javax.transaction-api-1.3.jar:/home/rakib/.m2/repository/javax/xml/bind/jaxb-api/2.3.1/jaxb-api-2.3.1.jar:/home/rakib/.m2/repository/javax/activation/javax.activation-api/1.2.0/javax.activation-api-1.2.0.jar:/home/rakib/.m2/repository/org/hibernate/hibernate-core/5.3.10.Final/hibernate-core-5.3.10.Final.jar:/home/rakib/.m2/repository/org/jboss/logging/jboss-logging/3.3.2.Final/jboss-logging-3.3.2.Final.jar:/home/rakib/.m2/repository/javax/persistence/javax.persistence-api/2.2/javax.persistence-api-2.2.jar:/home/rakib/.m2/repository/org/javassist/javassist/3.23.2-GA/javassist-3.23.2-GA.jar:/home/rakib/.m2/repository/net/bytebuddy/byte-buddy/1.9.13/byte-buddy-1.9.13.jar:/home/rakib/.m2/repository/antlr/antlr/2.7.7/antlr-2.7.7.jar:/home/rakib/.m2/repository/org/jboss/jandex/2.0.5.Final/jandex-2.0.5.Final.jar:/home/rakib/.m2/repository/org/dom4j/dom4j/2.1.1/dom4j-2.1.1.jar:/home/rakib/.m2/repository/org/hibernate/common/hibernate-commons-annotations/5.0.4.Final/hibernate-commons-annotations-5.0.4.Final.jar:/home/rakib/.m2/repository/org/springframework/data/spring-data-jpa/2.1.9.RELEASE/spring-data-jpa-2.1.9.RELEASE.jar:/home/rakib/.m2/repository/org/springframework/data/spring-data-commons/2.1.9.RELEASE/spring-data-commons-2.1.9.RELEASE.jar:/home/rakib/.m2/repository/org/springframework/spring-orm/5.1.8.RELEASE/spring-orm-5.1.8.RELEASE.jar:/home/rakib/.m2/repository/org/springframework/spring-context/5.1.8.RELEASE/spring-context-5.1.8.RELEASE.jar:/home/rakib/.m2/repository/org/springframework/spring-tx/5.1.8.RELEASE/spring-tx-5.1.8.RELEASE.jar:/home/rakib/.m2/repository/org/springframework/spring-beans/5.1.8.RELEASE/spring-beans-5.1.8.RELEASE.jar:/home/rakib/.m2/repository/org/springframework/spring-aspects/5.1.8.RELEASE/spring-aspects-5.1.8.RELEASE.jar:/home/rakib/.m2/repository/org/springframework/boot/spring-boot-starter-web/2.1.6.RELEASE/spring-boot-starter-web-2.1.6.RELEASE.jar:/home/rakib/.m2/repository/org/springframework/boot/spring-boot-starter/2.1.6.RELEASE/spring-boot-starter-2.1.6.RELEASE.jar:/home/rakib/.m2/repository/org/springframework/boot/spring-boot/2.1.6.RELEASE/spring-boot-2.1.6.RELEASE.jar:/home/rakib/.m2/repository/org/springframework/boot/spring-boot-autoconfigure/2.1.6.RELEASE/spring-boot-autoconfigure-2.1.6.RELEASE.jar:/home/rakib/.m2/repository/org/springframework/boot/spring-boot-starter-logging/2.1.6.RELEASE/spring-boot-starter-logging-2.1.6.RELEASE.jar:/home/rakib/.m2/repository/ch/qos/logback/logback-classic/1.2.3/logback-classic-1.2.3.jar:/home/rakib/.m2/repository/ch/qos/logback/logback-core/1.2.3/logback-core-1.2.3.jar:/home/rakib/.m2/repository/org/apache/logging/log4j/log4j-to-slf4j/2.11.2/log4j-to-slf4j-2.11.2.jar:/home/rakib/.m2/repository/org/apache/logging/log4j/log4j-api/2.11.2/log4j-api-2.11.2.jar:/home/rakib/.m2/repository/org/slf4j/jul-to-slf4j/1.7.26/jul-to-slf4j-1.7.26.jar:/home/rakib/.m2/repository/javax/annotation/javax.annotation-api/1.3.2/javax.annotation-api-1.3.2.jar:/home/rakib/.m2/repository/org/yaml/snakeyaml/1.23/snakeyaml-1.23.jar:/home/rakib/.m2/repository/org/springframework/boot/spring-boot-starter-json/2.1.6.RELEASE/spring-boot-starter-json-2.1.6.RELEASE.jar:/home/rakib/.m2/repository/com/fasterxml/jackson/core/jackson-databind/2.9.9/jackson-databind-2.9.9.jar:/home/rakib/.m2/repository/com/fasterxml/jackson/core/jackson-core/2.9.9/jackson-core-2.9.9.jar:/home/rakib/.m2/repository/com/fasterxml/jackson/datatype/jackson-datatype-jdk8/2.9.9/jackson-datatype-jdk8-2.9.9.jar:/home/rakib/.m2/repository/com/fasterxml/jackson/datatype/jackson-datatype-jsr310/2.9.9/jackson-datatype-jsr310-2.9.9.jar:/home/rakib/.m2/repository/com/fasterxml/jackson/module/jackson-module-parameter-names/2.9.9/jackson-module-parameter-names-2.9.9.jar:/home/rakib/.m2/repository/org/springframework/boot/spring-boot-starter-tomcat/2.1.6.RELEASE/spring-boot-starter-tomcat-2.1.6.RELEASE.jar:/home/rakib/.m2/repository/org/apache/tomcat/embed/tomcat-embed-core/9.0.21/tomcat-embed-core-9.0.21.jar:/home/rakib/.m2/repository/org/apache/tomcat/embed/tomcat-embed-el/9.0.21/tomcat-embed-el-9.0.21.jar:/home/rakib/.m2/repository/org/apache/tomcat/embed/tomcat-embed-websocket/9.0.21/tomcat-embed-websocket-9.0.21.jar:/home/rakib/.m2/repository/org/hibernate/validator/hibernate-validator/6.0.17.Final/hibernate-validator-6.0.17.Final.jar:/home/rakib/.m2/repository/javax/validation/validation-api/2.0.1.Final/validation-api-2.0.1.Final.jar:/home/rakib/.m2/repository/org/springframework/spring-web/5.1.8.RELEASE/spring-web-5.1.8.RELEASE.jar:/home/rakib/.m2/repository/org/springframework/spring-webmvc/5.1.8.RELEASE/spring-webmvc-5.1.8.RELEASE.jar:/home/rakib/.m2/repository/org/springframework/spring-expression/5.1.8.RELEASE/spring-expression-5.1.8.RELEASE.jar:/home/rakib/.m2/repository/com/vaadin/vaadin-spring-boot-starter/13.0.11/vaadin-spring-boot-starter-13.0.11.jar:/home/rakib/.m2/repository/com/vaadin/vaadin-spring/11.0.0/vaadin-spring-11.0.0.jar:/home/rakib/.m2/repository/com/vaadin/flow-server/1.4.7/flow-server-1.4.7.jar:/home/rakib/.m2/repository/com/vaadin/external/gwt/gwt-elemental/2.8.2.vaadin2/gwt-elemental-2.8.2.vaadin2.jar:/home/rakib/.m2/repository/commons-fileupload/commons-fileupload/1.3.3/commons-fileupload-1.3.3.jar:/home/rakib/.m2/repository/commons-io/commons-io/2.5/commons-io-2.5.jar:/home/rakib/.m2/repository/org/jsoup/jsoup/1.11.2/jsoup-1.11.2.jar:/home/rakib/.m2/repository/com/helger/ph-css/6.1.1/ph-css-6.1.1.jar:/home/rakib/.m2/repository/com/helger/ph-commons/9.1.2/ph-commons-9.1.2.jar:/home/rakib/.m2/repository/com/google/code/findbugs/jsr305/3.0.2/jsr305-3.0.2.jar:/home/rakib/.m2/repository/com/vaadin/external/gentyref/1.2.0.vaadin1/gentyref-1.2.0.vaadin1.jar:/home/rakib/.m2/repository/com/vaadin/flow-push/1.4.7/flow-push-1.4.7.jar:/home/rakib/.m2/repository/com/vaadin/external/atmosphere/atmosphere-runtime/2.4.30.vaadin1/atmosphere-runtime-2.4.30.vaadin1.jar:/home/rakib/.m2/repository/com/vaadin/external/slf4j/vaadin-slf4j-jdk14/1.6.1/vaadin-slf4j-jdk14-1.6.1.jar:/home/rakib/.m2/repository/com/vaadin/flow-client/1.4.7/flow-client-1.4.7.jar:/home/rakib/.m2/repository/org/springframework/spring-websocket/5.1.8.RELEASE/spring-websocket-5.1.8.RELEASE.jar:/home/rakib/.m2/repository/com/vaadin/vaadin-core/13.0.11/vaadin-core-13.0.11.jar:/home/rakib/.m2/repository/com/vaadin/flow-html-components/1.4.7/flow-html-components-1.4.7.jar:/home/rakib/.m2/repository/com/vaadin/flow-data/1.4.7/flow-data-1.4.7.jar:/home/rakib/.m2/repository/com/vaadin/vaadin-lumo-theme/1.4.7/vaadin-lumo-theme-1.4.7.jar:/home/rakib/.m2/repository/org/webjars/bowergithub/vaadin/vaadin-lumo-styles/1.4.3/vaadin-lumo-styles-1.4.3.jar:/home/rakib/.m2/repository/org/webjars/bowergithub/polymerelements/iron-icon/2.1.0/iron-icon-2.1.0.jar:/home/rakib/.m2/repository/org/webjars/bowergithub/polymerelements/iron-meta/2.1.1/iron-meta-2.1.1.jar:/home/rakib/.m2/repository/org/webjars/bowergithub/polymerelements/iron-iconset-svg/2.2.1/iron-iconset-svg-2.2.1.jar:/home/rakib/.m2/repository/org/webjars/bowergithub/polymerelements/iron-flex-layout/2.0.3/iron-flex-layout-2.0.3.jar:/home/rakib/.m2/repository/org/webjars/bowergithub/polymer/polymer/2.7.0/polymer-2.7.0.jar:/home/rakib/.m2/repository/org/webjars/bowergithub/webcomponents/webcomponentsjs/1.2.6/webcomponentsjs-1.2.6.jar:/home/rakib/.m2/repository/org/webjars/bowergithub/webcomponents/shadycss/1.8.0/shadycss-1.8.0.jar:/home/rakib/.m2/repository/com/vaadin/vaadin-material-theme/1.4.7/vaadin-material-theme-1.4.7.jar:/home/rakib/.m2/repository/org/webjars/bowergithub/vaadin/vaadin-material-styles/1.2.3/vaadin-material-styles-1.2.3.jar:/home/rakib/.m2/repository/com/vaadin/vaadin-accordion-flow/1.0.3/vaadin-accordion-flow-1.0.3.jar:/home/rakib/.m2/repository/org/webjars/bowergithub/vaadin/vaadin-accordion/1.0.1/vaadin-accordion-1.0.1.jar:/home/rakib/.m2/repository/org/webjars/bowergithub/vaadin/vaadin-details/1.0.1/vaadin-details-1.0.1.jar:/home/rakib/.m2/repository/org/webjars/bowergithub/vaadin/vaadin-themable-mixin/1.4.4/vaadin-themable-mixin-1.4.4.jar:/home/rakib/.m2/repository/org/webjars/bowergithub/vaadin/vaadin-element-mixin/2.1.3/vaadin-element-mixin-2.1.3.jar:/home/rakib/.m2/repository/org/webjars/bowergithub/vaadin/vaadin-usage-statistics/2.0.4/vaadin-usage-statistics-2.0.4.jar:/home/rakib/.m2/repository/org/webjars/bowergithub/vaadin/vaadin-development-mode-detector/2.0.4/vaadin-development-mode-detector-2.0.4.jar:/home/rakib/.m2/repository/com/vaadin/vaadin-button-flow/1.3.2/vaadin-button-flow-1.3.2.jar:/home/rakib/.m2/repository/org/webjars/bowergithub/vaadin/vaadin-button/2.1.5/vaadin-button-2.1.5.jar:/home/rakib/.m2/repository/org/webjars/bowergithub/vaadin/vaadin-control-state-mixin/2.1.3/vaadin-control-state-mixin-2.1.3.jar:/home/rakib/.m2/repository/com/vaadin/vaadin-checkbox-flow/1.3.2/vaadin-checkbox-flow-1.3.2.jar:/home/rakib/.m2/repository/org/webjars/bowergithub/vaadin/vaadin-checkbox/2.2.10/vaadin-checkbox-2.2.10.jar:/home/rakib/.m2/repository/com/vaadin/vaadin-combo-box-flow/2.1.3/vaadin-combo-box-flow-2.1.3.jar:/home/rakib/.m2/repository/org/webjars/bowergithub/vaadin/vaadin-combo-box/4.2.9/vaadin-combo-box-4.2.9.jar:/home/rakib/.m2/repository/org/webjars/bowergithub/vaadin/vaadin-text-field/2.3.7/vaadin-text-field-2.3.7.jar:/home/rakib/.m2/repository/org/webjars/bowergithub/polymerelements/iron-resizable-behavior/2.1.1/iron-resizable-behavior-2.1.1.jar:/home/rakib/.m2/repository/org/webjars/bowergithub/polymerelements/iron-a11y-announcer/2.1.0/iron-a11y-announcer-2.1.0.jar:/home/rakib/.m2/repository/org/webjars/bowergithub/polymerelements/iron-list/2.0.19/iron-list-2.0.19.jar:/home/rakib/.m2/repository/org/webjars/bowergithub/polymerelements/iron-scroll-target-behavior/2.1.1/iron-scroll-target-behavior-2.1.1.jar:/home/rakib/.m2/repository/org/webjars/bowergithub/polymerelements/iron-a11y-keys-behavior/2.1.1/iron-a11y-keys-behavior-2.1.1.jar:/home/rakib/.m2/repository/org/webjars/bowergithub/vaadin/vaadin-item/2.1.1/vaadin-item-2.1.1.jar:/home/rakib/.m2/repository/org/webjars/bowergithub/vaadin/vaadin-overlay/3.2.12/vaadin-overlay-3.2.12.jar:/home/rakib/.m2/repository/org/webjars/bowergithub/polymerelements/iron-overlay-behavior/2.3.4/iron-overlay-behavior-2.3.4.jar:/home/rakib/.m2/repository/org/webjars/bowergithub/polymerelements/iron-fit-behavior/2.2.1/iron-fit-behavior-2.2.1.jar:/home/rakib/.m2/repository/com/vaadin/vaadin-custom-field-flow/2.0.2/vaadin-custom-field-flow-2.0.2.jar:/home/rakib/.m2/repository/org/webjars/bowergithub/vaadin/vaadin-custom-field/1.0.6/vaadin-custom-field-1.0.6.jar:/home/rakib/.m2/repository/com/vaadin/vaadin-date-picker-flow/1.3.0/vaadin-date-picker-flow-1.3.0.jar:/home/rakib/.m2/repository/org/webjars/bowergithub/vaadin/vaadin-date-picker/3.3.4/vaadin-date-picker-3.3.4.jar:/home/rakib/.m2/repository/org/webjars/bowergithub/polymerelements/iron-media-query/2.1.0/iron-media-query-2.1.0.jar:/home/rakib/.m2/repository/com/vaadin/vaadin-details-flow/1.0.1/vaadin-details-flow-1.0.1.jar:/home/rakib/.m2/repository/com/vaadin/vaadin-time-picker-flow/1.1.2/vaadin-time-picker-flow-1.1.2.jar:/home/rakib/.m2/repository/org/webjars/bowergithub/vaadin/vaadin-time-picker/1.2.2/vaadin-time-picker-1.2.2.jar:/home/rakib/.m2/repository/com/vaadin/vaadin-select-flow/1.0.0/vaadin-select-flow-1.0.0.jar:/home/rakib/.m2/repository/org/webjars/bowergithub/vaadin/vaadin-select/2.0.5/vaadin-select-2.0.5.jar:/home/rakib/.m2/repository/org/webjars/bowergithub/vaadin/vaadin-list-box/1.1.1/vaadin-list-box-1.1.1.jar:/home/rakib/.m2/repository/org/webjars/bowergithub/vaadin/vaadin-list-mixin/2.1.2/vaadin-list-mixin-2.1.2.jar:/home/rakib/.m2/repository/com/vaadin/vaadin-dialog-flow/1.3.0/vaadin-dialog-flow-1.3.0.jar:/home/rakib/.m2/repository/org/webjars/bowergithub/vaadin/vaadin-dialog/2.2.1/vaadin-dialog-2.2.1.jar:/home/rakib/.m2/repository/com/vaadin/vaadin-form-layout-flow/1.3.1/vaadin-form-layout-flow-1.3.1.jar:/home/rakib/.m2/repository/org/webjars/bowergithub/vaadin/vaadin-form-layout/2.1.4/vaadin-form-layout-2.1.4.jar:/home/rakib/.m2/repository/com/vaadin/vaadin-grid-flow/3.0.4/vaadin-grid-flow-3.0.4.jar:/home/rakib/.m2/repository/org/webjars/bowergithub/vaadin/vaadin-grid/5.3.3/vaadin-grid-5.3.3.jar:/home/rakib/.m2/repository/org/apache/commons/commons-lang3/3.8.1/commons-lang3-3.8.1.jar:/home/rakib/.m2/repository/com/vaadin/vaadin-icons-flow/1.3.1/vaadin-icons-flow-1.3.1.jar:/home/rakib/.m2/repository/org/webjars/bowergithub/vaadin/vaadin-icons/4.2.2/vaadin-icons-4.2.2.jar:/home/rakib/.m2/repository/com/vaadin/vaadin-iron-list-flow/1.3.0/vaadin-iron-list-flow-1.3.0.jar:/home/rakib/.m2/repository/com/vaadin/vaadin-list-box-flow/1.3.0/vaadin-list-box-flow-1.3.0.jar:/home/rakib/.m2/repository/com/vaadin/vaadin-login-flow/1.0.0/vaadin-login-flow-1.0.0.jar:/home/rakib/.m2/repository/org/webjars/bowergithub/vaadin/vaadin-login/1.0.1/vaadin-login-1.0.1.jar:/home/rakib/.m2/repository/com/vaadin/vaadin-ordered-layout-flow/1.3.0/vaadin-ordered-layout-flow-1.3.0.jar:/home/rakib/.m2/repository/org/webjars/bowergithub/vaadin/vaadin-ordered-layout/1.1.0/vaadin-ordered-layout-1.1.0.jar:/home/rakib/.m2/repository/com/vaadin/vaadin-progress-bar-flow/1.3.0/vaadin-progress-bar-flow-1.3.0.jar:/home/rakib/.m2/repository/org/webjars/bowergithub/vaadin/vaadin-progress-bar/1.1.2/vaadin-progress-bar-1.1.2.jar:/home/rakib/.m2/repository/com/vaadin/vaadin-radio-button-flow/1.3.1/vaadin-radio-button-flow-1.3.1.jar:/home/rakib/.m2/repository/org/webjars/bowergithub/vaadin/vaadin-radio-button/1.1.5/vaadin-radio-button-1.1.5.jar:/home/rakib/.m2/repository/com/vaadin/vaadin-split-layout-flow/1.3.1/vaadin-split-layout-flow-1.3.1.jar:/home/rakib/.m2/repository/org/webjars/bowergithub/vaadin/vaadin-split-layout/4.1.1/vaadin-split-layout-4.1.1.jar:/home/rakib/.m2/repository/com/vaadin/vaadin-tabs-flow/1.3.0/vaadin-tabs-flow-1.3.0.jar:/home/rakib/.m2/repository/org/webjars/bowergithub/vaadin/vaadin-tabs/2.1.2/vaadin-tabs-2.1.2.jar:/home/rakib/.m2/repository/com/vaadin/vaadin-text-field-flow/1.3.0/vaadin-text-field-flow-1.3.0.jar:/home/rakib/.m2/repository/com/vaadin/vaadin-upload-flow/1.3.0/vaadin-upload-flow-1.3.0.jar:/home/rakib/.m2/repository/org/webjars/bowergithub/vaadin/vaadin-upload/4.2.2/vaadin-upload-4.2.2.jar:/home/rakib/.m2/repository/com/vaadin/vaadin-notification-flow/1.3.0/vaadin-notification-flow-1.3.0.jar:/home/rakib/.m2/repository/org/webjars/bowergithub/vaadin/vaadin-notification/1.2.1/vaadin-notification-1.2.1.jar:/home/rakib/.m2/repository/com/vaadin/vaadin-app-layout-flow/1.1.1/vaadin-app-layout-flow-1.1.1.jar:/home/rakib/.m2/repository/org/webjars/bowergithub/vaadin/vaadin-app-layout/1.0.2/vaadin-app-layout-1.0.2.jar:/home/rakib/.m2/repository/com/vaadin/vaadin-context-menu-flow/2.0.1/vaadin-context-menu-flow-2.0.1.jar:/home/rakib/.m2/repository/org/webjars/bowergithub/vaadin/vaadin-context-menu/4.3.11/vaadin-context-menu-4.3.11.jar:/home/rakib/.m2/repository/mysql/mysql-connector-java/8.0.16/mysql-connector-java-8.0.16.jar:/home/rakib/.m2/repository/org/projectlombok/lombok/1.18.8/lombok-1.18.8.jar:/home/rakib/.m2/repository/org/springframework/boot/spring-boot-starter-test/2.1.6.RELEASE/spring-boot-starter-test-2.1.6.RELEASE.jar:/home/rakib/.m2/repository/org/springframework/boot/spring-boot-test/2.1.6.RELEASE/spring-boot-test-2.1.6.RELEASE.jar:/home/rakib/.m2/repository/org/springframework/boot/spring-boot-test-autoconfigure/2.1.6.RELEASE/spring-boot-test-autoconfigure-2.1.6.RELEASE.jar:/home/rakib/.m2/repository/com/jayway/jsonpath/json-path/2.4.0/json-path-2.4.0.jar:/home/rakib/.m2/repository/net/minidev/json-smart/2.3/json-smart-2.3.jar:/home/rakib/.m2/repository/net/minidev/accessors-smart/1.2/accessors-smart-1.2.jar:/home/rakib/.m2/repository/org/ow2/asm/asm/5.0.4/asm-5.0.4.jar:/home/rakib/.m2/repository/junit/junit/4.12/junit-4.12.jar:/home/rakib/.m2/repository/org/assertj/assertj-core/3.11.1/assertj-core-3.11.1.jar:/home/rakib/.m2/repository/org/mockito/mockito-core/2.23.4/mockito-core-2.23.4.jar:/home/rakib/.m2/repository/net/bytebuddy/byte-buddy-agent/1.9.13/byte-buddy-agent-1.9.13.jar:/home/rakib/.m2/repository/org/objenesis/objenesis/2.6/objenesis-2.6.jar:/home/rakib/.m2/repository/org/hamcrest/hamcrest-core/1.3/hamcrest-core-1.3.jar:/home/rakib/.m2/repository/org/hamcrest/hamcrest-library/1.3/hamcrest-library-1.3.jar:/home/rakib/.m2/repository/org/skyscreamer/jsonassert/1.5.0/jsonassert-1.5.0.jar:/home/rakib/.m2/repository/com/vaadin/external/google/android-json/0.0.20131108.vaadin1/android-json-0.0.20131108.vaadin1.jar:/home/rakib/.m2/repository/org/springframework/spring-core/5.1.8.RELEASE/spring-core-5.1.8.RELEASE.jar:/home/rakib/.m2/repository/org/springframework/spring-jcl/5.1.8.RELEASE/spring-jcl-5.1.8.RELEASE.jar:/home/rakib/.m2/repository/org/springframework/spring-test/5.1.8.RELEASE/spring-test-5.1.8.RELEASE.jar:/home/rakib/.m2/repository/org/xmlunit/xmlunit-core/2.6.2/xmlunit-core-2.6.2.jar:/home/rakib/.m2/repository/io/springfox/springfox-swagger2/2.6.1/springfox-swagger2-2.6.1.jar:/home/rakib/.m2/repository/io/swagger/swagger-annotations/1.5.10/swagger-annotations-1.5.10.jar:/home/rakib/.m2/repository/io/swagger/swagger-models/1.5.10/swagger-models-1.5.10.jar:/home/rakib/.m2/repository/com/fasterxml/jackson/core/jackson-annotations/2.9.0/jackson-annotations-2.9.0.jar:/home/rakib/.m2/repository/io/springfox/springfox-spi/2.6.1/springfox-spi-2.6.1.jar:/home/rakib/.m2/repository/io/springfox/springfox-core/2.6.1/springfox-core-2.6.1.jar:/home/rakib/.m2/repository/io/springfox/springfox-schema/2.6.1/springfox-schema-2.6.1.jar:/home/rakib/.m2/repository/io/springfox/springfox-swagger-common/2.6.1/springfox-swagger-common-2.6.1.jar:/home/rakib/.m2/repository/io/springfox/springfox-spring-web/2.6.1/springfox-spring-web-2.6.1.jar:/home/rakib/.m2/repository/com/google/guava/guava/18.0/guava-18.0.jar:/home/rakib/.m2/repository/com/fasterxml/classmate/1.4.0/classmate-1.4.0.jar:/home/rakib/.m2/repository/org/slf4j/slf4j-api/1.7.26/slf4j-api-1.7.26.jar:/home/rakib/.m2/repository/org/springframework/plugin/spring-plugin-core/1.2.0.RELEASE/spring-plugin-core-1.2.0.RELEASE.jar:/home/rakib/.m2/repository/org/springframework/plugin/spring-plugin-metadata/1.2.0.RELEASE/spring-plugin-metadata-1.2.0.RELEASE.jar:/home/rakib/.m2/repository/org/mapstruct/mapstruct/1.0.0.Final/mapstruct-1.0.0.Final.jar:/home/rakib/.m2/repository/io/springfox/springfox-swagger-ui/2.6.1/springfox-swagger-ui-2.6.1.jar:"/>
    <property name="java.vm.vendor" value="Private Build"/>
    <property name="sun.arch.data.model" value="64"/>
    <property name="java.vendor.url" value="http://java.oracle.com/"/>
    <property name="user.timezone" value=""/>
    <property name="java.vm.specification.version" value="1.8"/>
    <property name="os.name" value="Linux"/>
    <property name="user.country" value="US"/>
    <property name="sun.java.launcher" value="SUN_STANDARD"/>
    <property name="sun.boot.library.path" value="/usr/lib/jvm/java-8-openjdk-amd64/jre/lib/amd64"/>
    <property name="sun.java.command" value="/home/rakib/IdeaProjects/new-connection-db/target/surefire/surefirebooter1213445069779264340.jar /home/rakib/IdeaProjects/new-connection-db/target/surefire 2019-08-31T00-25-42_868-jvmRun1 surefire1335291794015038546tmp surefire_03407991442981474543tmp"/>
    <property name="surefire.test.class.path" value="/home/rakib/IdeaProjects/new-connection-db/target/test-classes:/home/rakib/IdeaProjects/new-connection-db/target/classes:/home/rakib/.m2/repository/org/springframework/boot/spring-boot-starter-data-jpa/2.1.6.RELEASE/spring-boot-starter-data-jpa-2.1.6.RELEASE.jar:/home/rakib/.m2/repository/org/springframework/boot/spring-boot-starter-aop/2.1.6.RELEASE/spring-boot-starter-aop-2.1.6.RELEASE.jar:/home/rakib/.m2/repository/org/springframework/spring-aop/5.1.8.RELEASE/spring-aop-5.1.8.RELEASE.jar:/home/rakib/.m2/repository/org/aspectj/aspectjweaver/1.9.4/aspectjweaver-1.9.4.jar:/home/rakib/.m2/repository/org/springframework/boot/spring-boot-starter-jdbc/2.1.6.RELEASE/spring-boot-starter-jdbc-2.1.6.RELEASE.jar:/home/rakib/.m2/repository/com/zaxxer/HikariCP/3.2.0/HikariCP-3.2.0.jar:/home/rakib/.m2/repository/org/springframework/spring-jdbc/5.1.8.RELEASE/spring-jdbc-5.1.8.RELEASE.jar:/home/rakib/.m2/repository/javax/transaction/javax.transaction-api/1.3/javax.transaction-api-1.3.jar:/home/rakib/.m2/repository/javax/xml/bind/jaxb-api/2.3.1/jaxb-api-2.3.1.jar:/home/rakib/.m2/repository/javax/activation/javax.activation-api/1.2.0/javax.activation-api-1.2.0.jar:/home/rakib/.m2/repository/org/hibernate/hibernate-core/5.3.10.Final/hibernate-core-5.3.10.Final.jar:/home/rakib/.m2/repository/org/jboss/logging/jboss-logging/3.3.2.Final/jboss-logging-3.3.2.Final.jar:/home/rakib/.m2/repository/javax/persistence/javax.persistence-api/2.2/javax.persistence-api-2.2.jar:/home/rakib/.m2/repository/org/javassist/javassist/3.23.2-GA/javassist-3.23.2-GA.jar:/home/rakib/.m2/repository/net/bytebuddy/byte-buddy/1.9.13/byte-buddy-1.9.13.jar:/home/rakib/.m2/repository/antlr/antlr/2.7.7/antlr-2.7.7.jar:/home/rakib/.m2/repository/org/jboss/jandex/2.0.5.Final/jandex-2.0.5.Final.jar:/home/rakib/.m2/repository/org/dom4j/dom4j/2.1.1/dom4j-2.1.1.jar:/home/rakib/.m2/repository/org/hibernate/common/hibernate-commons-annotations/5.0.4.Final/hibernate-commons-annotations-5.0.4.Final.jar:/home/rakib/.m2/repository/org/springframework/data/spring-data-jpa/2.1.9.RELEASE/spring-data-jpa-2.1.9.RELEASE.jar:/home/rakib/.m2/repository/org/springframework/data/spring-data-commons/2.1.9.RELEASE/spring-data-commons-2.1.9.RELEASE.jar:/home/rakib/.m2/repository/org/springframework/spring-orm/5.1.8.RELEASE/spring-orm-5.1.8.RELEASE.jar:/home/rakib/.m2/repository/org/springframework/spring-context/5.1.8.RELEASE/spring-context-5.1.8.RELEASE.jar:/home/rakib/.m2/repository/org/springframework/spring-tx/5.1.8.RELEASE/spring-tx-5.1.8.RELEASE.jar:/home/rakib/.m2/repository/org/springframework/spring-beans/5.1.8.RELEASE/spring-beans-5.1.8.RELEASE.jar:/home/rakib/.m2/repository/org/springframework/spring-aspects/5.1.8.RELEASE/spring-aspects-5.1.8.RELEASE.jar:/home/rakib/.m2/repository/org/springframework/boot/spring-boot-starter-web/2.1.6.RELEASE/spring-boot-starter-web-2.1.6.RELEASE.jar:/home/rakib/.m2/repository/org/springframework/boot/spring-boot-starter/2.1.6.RELEASE/spring-boot-starter-2.1.6.RELEASE.jar:/home/rakib/.m2/repository/org/springframework/boot/spring-boot/2.1.6.RELEASE/spring-boot-2.1.6.RELEASE.jar:/home/rakib/.m2/repository/org/springframework/boot/spring-boot-autoconfigure/2.1.6.RELEASE/spring-boot-autoconfigure-2.1.6.RELEASE.jar:/home/rakib/.m2/repository/org/springframework/boot/spring-boot-starter-logging/2.1.6.RELEASE/spring-boot-starter-logging-2.1.6.RELEASE.jar:/home/rakib/.m2/repository/ch/qos/logback/logback-classic/1.2.3/logback-classic-1.2.3.jar:/home/rakib/.m2/repository/ch/qos/logback/logback-core/1.2.3/logback-core-1.2.3.jar:/home/rakib/.m2/repository/org/apache/logging/log4j/log4j-to-slf4j/2.11.2/log4j-to-slf4j-2.11.2.jar:/home/rakib/.m2/repository/org/apache/logging/log4j/log4j-api/2.11.2/log4j-api-2.11.2.jar:/home/rakib/.m2/repository/org/slf4j/jul-to-slf4j/1.7.26/jul-to-slf4j-1.7.26.jar:/home/rakib/.m2/repository/javax/annotation/javax.annotation-api/1.3.2/javax.annotation-api-1.3.2.jar:/home/rakib/.m2/repository/org/yaml/snakeyaml/1.23/snakeyaml-1.23.jar:/home/rakib/.m2/repository/org/springframework/boot/spring-boot-starter-json/2.1.6.RELEASE/spring-boot-starter-json-2.1.6.RELEASE.jar:/home/rakib/.m2/repository/com/fasterxml/jackson/core/jackson-databind/2.9.9/jackson-databind-2.9.9.jar:/home/rakib/.m2/repository/com/fasterxml/jackson/core/jackson-core/2.9.9/jackson-core-2.9.9.jar:/home/rakib/.m2/repository/com/fasterxml/jackson/datatype/jackson-datatype-jdk8/2.9.9/jackson-datatype-jdk8-2.9.9.jar:/home/rakib/.m2/repository/com/fasterxml/jackson/datatype/jackson-datatype-jsr310/2.9.9/jackson-datatype-jsr310-2.9.9.jar:/home/rakib/.m2/repository/com/fasterxml/jackson/module/jackson-module-parameter-names/2.9.9/jackson-module-parameter-names-2.9.9.jar:/home/rakib/.m2/repository/org/springframework/boot/spring-boot-starter-tomcat/2.1.6.RELEASE/spring-boot-starter-tomcat-2.1.6.RELEASE.jar:/home/rakib/.m2/repository/org/apache/tomcat/embed/tomcat-embed-core/9.0.21/tomcat-embed-core-9.0.21.jar:/home/rakib/.m2/repository/org/apache/tomcat/embed/tomcat-embed-el/9.0.21/tomcat-embed-el-9.0.21.jar:/home/rakib/.m2/repository/org/apache/tomcat/embed/tomcat-embed-websocket/9.0.21/tomcat-embed-websocket-9.0.21.jar:/home/rakib/.m2/repository/org/hibernate/validator/hibernate-validator/6.0.17.Final/hibernate-validator-6.0.17.Final.jar:/home/rakib/.m2/repository/javax/validation/validation-api/2.0.1.Final/validation-api-2.0.1.Final.jar:/home/rakib/.m2/repository/org/springframework/spring-web/5.1.8.RELEASE/spring-web-5.1.8.RELEASE.jar:/home/rakib/.m2/repository/org/springframework/spring-webmvc/5.1.8.RELEASE/spring-webmvc-5.1.8.RELEASE.jar:/home/rakib/.m2/repository/org/springframework/spring-expression/5.1.8.RELEASE/spring-expression-5.1.8.RELEASE.jar:/home/rakib/.m2/repository/com/vaadin/vaadin-spring-boot-starter/13.0.11/vaadin-spring-boot-starter-13.0.11.jar:/home/rakib/.m2/repository/com/vaadin/vaadin-spring/11.0.0/vaadin-spring-11.0.0.jar:/home/rakib/.m2/repository/com/vaadin/flow-server/1.4.7/flow-server-1.4.7.jar:/home/rakib/.m2/repository/com/vaadin/external/gwt/gwt-elemental/2.8.2.vaadin2/gwt-elemental-2.8.2.vaadin2.jar:/home/rakib/.m2/repository/commons-fileupload/commons-fileupload/1.3.3/commons-fileupload-1.3.3.jar:/home/rakib/.m2/repository/commons-io/commons-io/2.5/commons-io-2.5.jar:/home/rakib/.m2/repository/org/jsoup/jsoup/1.11.2/jsoup-1.11.2.jar:/home/rakib/.m2/repository/com/helger/ph-css/6.1.1/ph-css-6.1.1.jar:/home/rakib/.m2/repository/com/helger/ph-commons/9.1.2/ph-commons-9.1.2.jar:/home/rakib/.m2/repository/com/google/code/findbugs/jsr305/3.0.2/jsr305-3.0.2.jar:/home/rakib/.m2/repository/com/vaadin/external/gentyref/1.2.0.vaadin1/gentyref-1.2.0.vaadin1.jar:/home/rakib/.m2/repository/com/vaadin/flow-push/1.4.7/flow-push-1.4.7.jar:/home/rakib/.m2/repository/com/vaadin/external/atmosphere/atmosphere-runtime/2.4.30.vaadin1/atmosphere-runtime-2.4.30.vaadin1.jar:/home/rakib/.m2/repository/com/vaadin/external/slf4j/vaadin-slf4j-jdk14/1.6.1/vaadin-slf4j-jdk14-1.6.1.jar:/home/rakib/.m2/repository/com/vaadin/flow-client/1.4.7/flow-client-1.4.7.jar:/home/rakib/.m2/repository/org/springframework/spring-websocket/5.1.8.RELEASE/spring-websocket-5.1.8.RELEASE.jar:/home/rakib/.m2/repository/com/vaadin/vaadin-core/13.0.11/vaadin-core-13.0.11.jar:/home/rakib/.m2/repository/com/vaadin/flow-html-components/1.4.7/flow-html-components-1.4.7.jar:/home/rakib/.m2/repository/com/vaadin/flow-data/1.4.7/flow-data-1.4.7.jar:/home/rakib/.m2/repository/com/vaadin/vaadin-lumo-theme/1.4.7/vaadin-lumo-theme-1.4.7.jar:/home/rakib/.m2/repository/org/webjars/bowergithub/vaadin/vaadin-lumo-styles/1.4.3/vaadin-lumo-styles-1.4.3.jar:/home/rakib/.m2/repository/org/webjars/bowergithub/polymerelements/iron-icon/2.1.0/iron-icon-2.1.0.jar:/home/rakib/.m2/repository/org/webjars/bowergithub/polymerelements/iron-meta/2.1.1/iron-meta-2.1.1.jar:/home/rakib/.m2/repository/org/webjars/bowergithub/polymerelements/iron-iconset-svg/2.2.1/iron-iconset-svg-2.2.1.jar:/home/rakib/.m2/repository/org/webjars/bowergithub/polymerelements/iron-flex-layout/2.0.3/iron-flex-layout-2.0.3.jar:/home/rakib/.m2/repository/org/webjars/bowergithub/polymer/polymer/2.7.0/polymer-2.7.0.jar:/home/rakib/.m2/repository/org/webjars/bowergithub/webcomponents/webcomponentsjs/1.2.6/webcomponentsjs-1.2.6.jar:/home/rakib/.m2/repository/org/webjars/bowergithub/webcomponents/shadycss/1.8.0/shadycss-1.8.0.jar:/home/rakib/.m2/repository/com/vaadin/vaadin-material-theme/1.4.7/vaadin-material-theme-1.4.7.jar:/home/rakib/.m2/repository/org/webjars/bowergithub/vaadin/vaadin-material-styles/1.2.3/vaadin-material-styles-1.2.3.jar:/home/rakib/.m2/repository/com/vaadin/vaadin-accordion-flow/1.0.3/vaadin-accordion-flow-1.0.3.jar:/home/rakib/.m2/repository/org/webjars/bowergithub/vaadin/vaadin-accordion/1.0.1/vaadin-accordion-1.0.1.jar:/home/rakib/.m2/repository/org/webjars/bowergithub/vaadin/vaadin-details/1.0.1/vaadin-details-1.0.1.jar:/home/rakib/.m2/repository/org/webjars/bowergithub/vaadin/vaadin-themable-mixin/1.4.4/vaadin-themable-mixin-1.4.4.jar:/home/rakib/.m2/repository/org/webjars/bowergithub/vaadin/vaadin-element-mixin/2.1.3/vaadin-element-mixin-2.1.3.jar:/home/rakib/.m2/repository/org/webjars/bowergithub/vaadin/vaadin-usage-statistics/2.0.4/vaadin-usage-statistics-2.0.4.jar:/home/rakib/.m2/repository/org/webjars/bowergithub/vaadin/vaadin-development-mode-detector/2.0.4/vaadin-development-mode-detector-2.0.4.jar:/home/rakib/.m2/repository/com/vaadin/vaadin-button-flow/1.3.2/vaadin-button-flow-1.3.2.jar:/home/rakib/.m2/repository/org/webjars/bowergithub/vaadin/vaadin-button/2.1.5/vaadin-button-2.1.5.jar:/home/rakib/.m2/repository/org/webjars/bowergithub/vaadin/vaadin-control-state-mixin/2.1.3/vaadin-control-state-mixin-2.1.3.jar:/home/rakib/.m2/repository/com/vaadin/vaadin-checkbox-flow/1.3.2/vaadin-checkbox-flow-1.3.2.jar:/home/rakib/.m2/repository/org/webjars/bowergithub/vaadin/vaadin-checkbox/2.2.10/vaadin-checkbox-2.2.10.jar:/home/rakib/.m2/repository/com/vaadin/vaadin-combo-box-flow/2.1.3/vaadin-combo-box-flow-2.1.3.jar:/home/rakib/.m2/repository/org/webjars/bowergithub/vaadin/vaadin-combo-box/4.2.9/vaadin-combo-box-4.2.9.jar:/home/rakib/.m2/repository/org/webjars/bowergithub/vaadin/vaadin-text-field/2.3.7/vaadin-text-field-2.3.7.jar:/home/rakib/.m2/repository/org/webjars/bowergithub/polymerelements/iron-resizable-behavior/2.1.1/iron-resizable-behavior-2.1.1.jar:/home/rakib/.m2/repository/org/webjars/bowergithub/polymerelements/iron-a11y-announcer/2.1.0/iron-a11y-announcer-2.1.0.jar:/home/rakib/.m2/repository/org/webjars/bowergithub/polymerelements/iron-list/2.0.19/iron-list-2.0.19.jar:/home/rakib/.m2/repository/org/webjars/bowergithub/polymerelements/iron-scroll-target-behavior/2.1.1/iron-scroll-target-behavior-2.1.1.jar:/home/rakib/.m2/repository/org/webjars/bowergithub/polymerelements/iron-a11y-keys-behavior/2.1.1/iron-a11y-keys-behavior-2.1.1.jar:/home/rakib/.m2/repository/org/webjars/bowergithub/vaadin/vaadin-item/2.1.1/vaadin-item-2.1.1.jar:/home/rakib/.m2/repository/org/webjars/bowergithub/vaadin/vaadin-overlay/3.2.12/vaadin-overlay-3.2.12.jar:/home/rakib/.m2/repository/org/webjars/bowergithub/polymerelements/iron-overlay-behavior/2.3.4/iron-overlay-behavior-2.3.4.jar:/home/rakib/.m2/repository/org/webjars/bowergithub/polymerelements/iron-fit-behavior/2.2.1/iron-fit-behavior-2.2.1.jar:/home/rakib/.m2/repository/com/vaadin/vaadin-custom-field-flow/2.0.2/vaadin-custom-field-flow-2.0.2.jar:/home/rakib/.m2/repository/org/webjars/bowergithub/vaadin/vaadin-custom-field/1.0.6/vaadin-custom-field-1.0.6.jar:/home/rakib/.m2/repository/com/vaadin/vaadin-date-picker-flow/1.3.0/vaadin-date-picker-flow-1.3.0.jar:/home/rakib/.m2/repository/org/webjars/bowergithub/vaadin/vaadin-date-picker/3.3.4/vaadin-date-picker-3.3.4.jar:/home/rakib/.m2/repository/org/webjars/bowergithub/polymerelements/iron-media-query/2.1.0/iron-media-query-2.1.0.jar:/home/rakib/.m2/repository/com/vaadin/vaadin-details-flow/1.0.1/vaadin-details-flow-1.0.1.jar:/home/rakib/.m2/repository/com/vaadin/vaadin-time-picker-flow/1.1.2/vaadin-time-picker-flow-1.1.2.jar:/home/rakib/.m2/repository/org/webjars/bowergithub/vaadin/vaadin-time-picker/1.2.2/vaadin-time-picker-1.2.2.jar:/home/rakib/.m2/repository/com/vaadin/vaadin-select-flow/1.0.0/vaadin-select-flow-1.0.0.jar:/home/rakib/.m2/repository/org/webjars/bowergithub/vaadin/vaadin-select/2.0.5/vaadin-select-2.0.5.jar:/home/rakib/.m2/repository/org/webjars/bowergithub/vaadin/vaadin-list-box/1.1.1/vaadin-list-box-1.1.1.jar:/home/rakib/.m2/repository/org/webjars/bowergithub/vaadin/vaadin-list-mixin/2.1.2/vaadin-list-mixin-2.1.2.jar:/home/rakib/.m2/repository/com/vaadin/vaadin-dialog-flow/1.3.0/vaadin-dialog-flow-1.3.0.jar:/home/rakib/.m2/repository/org/webjars/bowergithub/vaadin/vaadin-dialog/2.2.1/vaadin-dialog-2.2.1.jar:/home/rakib/.m2/repository/com/vaadin/vaadin-form-layout-flow/1.3.1/vaadin-form-layout-flow-1.3.1.jar:/home/rakib/.m2/repository/org/webjars/bowergithub/vaadin/vaadin-form-layout/2.1.4/vaadin-form-layout-2.1.4.jar:/home/rakib/.m2/repository/com/vaadin/vaadin-grid-flow/3.0.4/vaadin-grid-flow-3.0.4.jar:/home/rakib/.m2/repository/org/webjars/bowergithub/vaadin/vaadin-grid/5.3.3/vaadin-grid-5.3.3.jar:/home/rakib/.m2/repository/org/apache/commons/commons-lang3/3.8.1/commons-lang3-3.8.1.jar:/home/rakib/.m2/repository/com/vaadin/vaadin-icons-flow/1.3.1/vaadin-icons-flow-1.3.1.jar:/home/rakib/.m2/repository/org/webjars/bowergithub/vaadin/vaadin-icons/4.2.2/vaadin-icons-4.2.2.jar:/home/rakib/.m2/repository/com/vaadin/vaadin-iron-list-flow/1.3.0/vaadin-iron-list-flow-1.3.0.jar:/home/rakib/.m2/repository/com/vaadin/vaadin-list-box-flow/1.3.0/vaadin-list-box-flow-1.3.0.jar:/home/rakib/.m2/repository/com/vaadin/vaadin-login-flow/1.0.0/vaadin-login-flow-1.0.0.jar:/home/rakib/.m2/repository/org/webjars/bowergithub/vaadin/vaadin-login/1.0.1/vaadin-login-1.0.1.jar:/home/rakib/.m2/repository/com/vaadin/vaadin-ordered-layout-flow/1.3.0/vaadin-ordered-layout-flow-1.3.0.jar:/home/rakib/.m2/repository/org/webjars/bowergithub/vaadin/vaadin-ordered-layout/1.1.0/vaadin-ordered-layout-1.1.0.jar:/home/rakib/.m2/repository/com/vaadin/vaadin-progress-bar-flow/1.3.0/vaadin-progress-bar-flow-1.3.0.jar:/home/rakib/.m2/repository/org/webjars/bowergithub/vaadin/vaadin-progress-bar/1.1.2/vaadin-progress-bar-1.1.2.jar:/home/rakib/.m2/repository/com/vaadin/vaadin-radio-button-flow/1.3.1/vaadin-radio-button-flow-1.3.1.jar:/home/rakib/.m2/repository/org/webjars/bowergithub/vaadin/vaadin-radio-button/1.1.5/vaadin-radio-button-1.1.5.jar:/home/rakib/.m2/repository/com/vaadin/vaadin-split-layout-flow/1.3.1/vaadin-split-layout-flow-1.3.1.jar:/home/rakib/.m2/repository/org/webjars/bowergithub/vaadin/vaadin-split-layout/4.1.1/vaadin-split-layout-4.1.1.jar:/home/rakib/.m2/repository/com/vaadin/vaadin-tabs-flow/1.3.0/vaadin-tabs-flow-1.3.0.jar:/home/rakib/.m2/repository/org/webjars/bowergithub/vaadin/vaadin-tabs/2.1.2/vaadin-tabs-2.1.2.jar:/home/rakib/.m2/repository/com/vaadin/vaadin-text-field-flow/1.3.0/vaadin-text-field-flow-1.3.0.jar:/home/rakib/.m2/repository/com/vaadin/vaadin-upload-flow/1.3.0/vaadin-upload-flow-1.3.0.jar:/home/rakib/.m2/repository/org/webjars/bowergithub/vaadin/vaadin-upload/4.2.2/vaadin-upload-4.2.2.jar:/home/rakib/.m2/repository/com/vaadin/vaadin-notification-flow/1.3.0/vaadin-notification-flow-1.3.0.jar:/home/rakib/.m2/repository/org/webjars/bowergithub/vaadin/vaadin-notification/1.2.1/vaadin-notification-1.2.1.jar:/home/rakib/.m2/repository/com/vaadin/vaadin-app-layout-flow/1.1.1/vaadin-app-layout-flow-1.1.1.jar:/home/rakib/.m2/repository/org/webjars/bowergithub/vaadin/vaadin-app-layout/1.0.2/vaadin-app-layout-1.0.2.jar:/home/rakib/.m2/repository/com/vaadin/vaadin-context-menu-flow/2.0.1/vaadin-context-menu-flow-2.0.1.jar:/home/rakib/.m2/repository/org/webjars/bowergithub/vaadin/vaadin-context-menu/4.3.11/vaadin-context-menu-4.3.11.jar:/home/rakib/.m2/repository/mysql/mysql-connector-java/8.0.16/mysql-connector-java-8.0.16.jar:/home/rakib/.m2/repository/org/projectlombok/lombok/1.18.8/lombok-1.18.8.jar:/home/rakib/.m2/repository/org/springframework/boot/spring-boot-starter-test/2.1.6.RELEASE/spring-boot-starter-test-2.1.6.RELEASE.jar:/home/rakib/.m2/repository/org/springframework/boot/spring-boot-test/2.1.6.RELEASE/spring-boot-test-2.1.6.RELEASE.jar:/home/rakib/.m2/repository/org/springframework/boot/spring-boot-test-autoconfigure/2.1.6.RELEASE/spring-boot-test-autoconfigure-2.1.6.RELEASE.jar:/home/rakib/.m2/repository/com/jayway/jsonpath/json-path/2.4.0/json-path-2.4.0.jar:/home/rakib/.m2/repository/net/minidev/json-smart/2.3/json-smart-2.3.jar:/home/rakib/.m2/repository/net/minidev/accessors-smart/1.2/accessors-smart-1.2.jar:/home/rakib/.m2/repository/org/ow2/asm/asm/5.0.4/asm-5.0.4.jar:/home/rakib/.m2/repository/junit/junit/4.12/junit-4.12.jar:/home/rakib/.m2/repository/org/assertj/assertj-core/3.11.1/assertj-core-3.11.1.jar:/home/rakib/.m2/repository/org/mockito/mockito-core/2.23.4/mockito-core-2.23.4.jar:/home/rakib/.m2/repository/net/bytebuddy/byte-buddy-agent/1.9.13/byte-buddy-agent-1.9.13.jar:/home/rakib/.m2/repository/org/objenesis/objenesis/2.6/objenesis-2.6.jar:/home/rakib/.m2/repository/org/hamcrest/hamcrest-core/1.3/hamcrest-core-1.3.jar:/home/rakib/.m2/repository/org/hamcrest/hamcrest-library/1.3/hamcrest-library-1.3.jar:/home/rakib/.m2/repository/org/skyscreamer/jsonassert/1.5.0/jsonassert-1.5.0.jar:/home/rakib/.m2/repository/com/vaadin/external/google/android-json/0.0.20131108.vaadin1/android-json-0.0.20131108.vaadin1.jar:/home/rakib/.m2/repository/org/springframework/spring-core/5.1.8.RELEASE/spring-core-5.1.8.RELEASE.jar:/home/rakib/.m2/repository/org/springframework/spring-jcl/5.1.8.RELEASE/spring-jcl-5.1.8.RELEASE.jar:/home/rakib/.m2/repository/org/springframework/spring-test/5.1.8.RELEASE/spring-test-5.1.8.RELEASE.jar:/home/rakib/.m2/repository/org/xmlunit/xmlunit-core/2.6.2/xmlunit-core-2.6.2.jar:/home/rakib/.m2/repository/io/springfox/springfox-swagger2/2.6.1/springfox-swagger2-2.6.1.jar:/home/rakib/.m2/repository/io/swagger/swagger-annotations/1.5.10/swagger-annotations-1.5.10.jar:/home/rakib/.m2/repository/io/swagger/swagger-models/1.5.10/swagger-models-1.5.10.jar:/home/rakib/.m2/repository/com/fasterxml/jackson/core/jackson-annotations/2.9.0/jackson-annotations-2.9.0.jar:/home/rakib/.m2/repository/io/springfox/springfox-spi/2.6.1/springfox-spi-2.6.1.jar:/home/rakib/.m2/repository/io/springfox/springfox-core/2.6.1/springfox-core-2.6.1.jar:/home/rakib/.m2/repository/io/springfox/springfox-schema/2.6.1/springfox-schema-2.6.1.jar:/home/rakib/.m2/repository/io/springfox/springfox-swagger-common/2.6.1/springfox-swagger-common-2.6.1.jar:/home/rakib/.m2/repository/io/springfox/springfox-spring-web/2.6.1/springfox-spring-web-2.6.1.jar:/home/rakib/.m2/repository/com/google/guava/guava/18.0/guava-18.0.jar:/home/rakib/.m2/repository/com/fasterxml/classmate/1.4.0/classmate-1.4.0.jar:/home/rakib/.m2/repository/org/slf4j/slf4j-api/1.7.26/slf4j-api-1.7.26.jar:/home/rakib/.m2/repository/org/springframework/plugin/spring-plugin-core/1.2.0.RELEASE/spring-plugin-core-1.2.0.RELEASE.jar:/home/rakib/.m2/repository/org/springframework/plugin/spring-plugin-metadata/1.2.0.RELEASE/spring-plugin-metadata-1.2.0.RELEASE.jar:/home/rakib/.m2/repository/org/mapstruct/mapstruct/1.0.0.Final/mapstruct-1.0.0.Final.jar:/home/rakib/.m2/repository/io/springfox/springfox-swagger-ui/2.6.1/springfox-swagger-ui-2.6.1.jar:"/>
    <property name="sun.cpu.endian" value="little"/>
    <property name="user.home" value="/home/rakib"/>
    <property name="user.language" value="en"/>
    <property name="java.specification.vendor" value="Oracle Corporation"/>
    <property name="java.home" value="/usr/lib/jvm/java-8-openjdk-amd64/jre"/>
    <property name="basedir" value="/home/rakib/IdeaProjects/new-connection-db"/>
    <property name="file.separator" value="/"/>
    <property name="line.separator" value="&#10;"/>
    <property name="java.vm.specification.vendor" value="Oracle Corporation"/>
    <property name="java.specification.name" value="Java Platform API Specification"/>
    <property name="java.awt.graphicsenv" value="sun.awt.X11GraphicsEnvironment"/>
    <property name="surefire.real.class.path" value="/home/rakib/IdeaProjects/new-connection-db/target/surefire/surefirebooter1213445069779264340.jar"/>
    <property name="sun.boot.class.path" value="/usr/lib/jvm/java-8-openjdk-amd64/jre/lib/resources.jar:/usr/lib/jvm/java-8-openjdk-amd64/jre/lib/rt.jar:/usr/lib/jvm/java-8-openjdk-amd64/jre/lib/sunrsasign.jar:/usr/lib/jvm/java-8-openjdk-amd64/jre/lib/jsse.jar:/usr/lib/jvm/java-8-openjdk-amd64/jre/lib/jce.jar:/usr/lib/jvm/java-8-openjdk-amd64/jre/lib/charsets.jar:/usr/lib/jvm/java-8-openjdk-amd64/jre/lib/jfr.jar:/usr/lib/jvm/java-8-openjdk-amd64/jre/classes"/>
    <property name="sun.management.compiler" value="HotSpot 64-Bit Tiered Compilers"/>
    <property name="java.runtime.version" value="1.8.0_222-8u222-b10-1ubuntu1~18.04.1-b10"/>
    <property name="user.name" value="rakib"/>
    <property name="path.separator" value=":"/>
    <property name="os.version" value="5.0.0-23-generic"/>
    <property name="java.endorsed.dirs" value="/usr/lib/jvm/java-8-openjdk-amd64/jre/lib/endorsed"/>
    <property name="java.runtime.name" value="OpenJDK Runtime Environment"/>
    <property name="file.encoding" value="UTF-8"/>
    <property name="java.vm.name" value="OpenJDK 64-Bit Server VM"/>
    <property name="localRepository" value="/home/rakib/.m2/repository"/>
    <property name="java.vendor.url.bug" value="http://bugreport.sun.com/bugreport/"/>
    <property name="java.io.tmpdir" value="/tmp"/>
    <property name="java.version" value="1.8.0_222"/>
    <property name="user.dir" value="/home/rakib/IdeaProjects/new-connection-db"/>
    <property name="os.arch" value="amd64"/>
    <property name="java.vm.specification.name" value="Java Virtual Machine Specification"/>
    <property name="java.awt.printerjob" value="sun.print.PSPrinterJob"/>
    <property name="sun.os.patch.level" value="unknown"/>
    <property name="java.library.path" value="/usr/java/packages/lib/amd64:/usr/lib/x86_64-linux-gnu/jni:/lib/x86_64-linux-gnu:/usr/lib/x86_64-linux-gnu:/usr/lib/jni:/lib:/usr/lib"/>
    <property name="java.vm.info" value="mixed mode"/>
    <property name="java.vendor" value="Private Build"/>
    <property name="java.vm.version" value="25.222-b10"/>
    <property name="java.ext.dirs" value="/usr/lib/jvm/java-8-openjdk-amd64/jre/lib/ext:/usr/java/packages/lib/ext"/>
    <property name="sun.io.unicode.encoding" value="UnicodeLittle"/>
    <property name="java.class.version" value="52.0"/>
  </properties>
  <testcase name="testCreateStudent" classname="bd.edu.seu.newconnectiondb.repository.StudentRepositoryTest" time="0.426"/>
  <testcase name="testFindAllStudents" classname="bd.edu.seu.newconnectiondb.repository.StudentRepositoryTest" time="0.179"/>
  <testcase name="testFindStudentById" classname="bd.edu.seu.newconnectiondb.repository.StudentRepositoryTest" time="0.012"/>
  <testcase name="testDeleteStudent" classname="bd.edu.seu.newconnectiondb.repository.StudentRepositoryTest" time="0.06"/>
</testsuite>